# JRE version: OpenJDK Runtime Environment (8.0_252-b09) (build 1.8.0_252-8u252-b09-1ubuntu1-b09)
# Java VM: OpenJDK 64-Bit Server VM (25.252-b09 mixed mode linux-amd64 compressed oops)
Heap:
 PSYoungGen      total 36352K, used 10508K [0x00000000eab00000, 0x00000000ed480000, 0x0000000100000000)
  eden space 31232K, 19% used [0x00000000eab00000,0x00000000eb0cf0a8,0x00000000ec980000)
  from space 5120K, 89% used [0x00000000eca00000,0x00000000ece74010,0x00000000ecf00000)
  to   space 5632K, 0% used [0x00000000ecf00000,0x00000000ecf00000,0x00000000ed480000)
 ParOldGen       total 84992K, used 96K [0x00000000c0000000, 0x00000000c5300000, 0x00000000eab00000)
  object space 84992K, 0% used [0x00000000c0000000,0x00000000c0018010,0x00000000c5300000)
 Metaspace       used 17482K, capacity 17636K, committed 17920K, reserved 1064960K
  class space    used 2472K, capacity 2534K, committed 2560K, reserved 1048576K
GC Heap History (10 events):
Event: 0,745 GC heap before
{Heap before GC invocations=1 (full 0):
 PSYoungGen      total 36864K, used 31744K [0x00000000eab00000, 0x00000000ed400000, 0x0000000100000000)
  eden space 31744K, 100% used [0x00000000eab00000,0x00000000eca00000,0x00000000eca00000)
  from space 5120K, 0% used [0x00000000ecf00000,0x00000000ecf00000,0x00000000ed400000)
  to   space 5120K, 0% used [0x00000000eca00000,0x00000000eca00000,0x00000000ecf00000)
 ParOldGen       total 84992K, used 0K [0x00000000c0000000, 0x00000000c5300000, 0x00000000eab00000)
  object space 84992K, 0% used [0x00000000c0000000,0x00000000c0000000,0x00000000c5300000)
 Metaspace       used 5535K, capacity 6796K, committed 7040K, reserved 1056768K
  class space    used 769K, capacity 840K, committed 896K, reserved 1048576K
Event: 0,748 GC heap after
Heap after GC invocations=1 (full 0):
 PSYoungGen      total 36864K, used 3597K [0x00000000eab00000, 0x00000000ed400000, 0x0000000100000000)
  eden space 31744K, 0% used [0x00000000eab00000,0x00000000eab00000,0x00000000eca00000)
  from space 5120K, 70% used [0x00000000eca00000,0x00000000ecd83560,0x00000000ecf00000)
  to   space 5120K, 0% used [0x00000000ecf00000,0x00000000ecf00000,0x00000000ed400000)
 ParOldGen       total 84992K, used 8K [0x00000000c0000000, 0x00000000c5300000, 0x00000000eab00000)
  object space 84992K, 0% used [0x00000000c0000000,0x00000000c0002000,0x00000000c5300000)
 Metaspace       used 5535K, capacity 6796K, committed 7040K, reserved 1056768K
  class space    used 769K, capacity 840K, committed 896K, reserved 1048576K
}
Event: 1,696 GC heap before
{Heap before GC invocations=2 (full 0):
 PSYoungGen      total 36864K, used 35341K [0x00000000eab00000, 0x00000000ed400000, 0x0000000100000000)
  eden space 31744K, 100% used [0x00000000eab00000,0x00000000eca00000,0x00000000eca00000)
  from space 5120K, 70% used [0x00000000eca00000,0x00000000ecd83560,0x00000000ecf00000)
  to   space 5120K, 0% used [0x00000000ecf00000,0x00000000ecf00000,0x00000000ed400000)
 ParOldGen       total 84992K, used 8K [0x00000000c0000000, 0x00000000c5300000, 0x00000000eab00000)
  object space 84992K, 0% used [0x00000000c0000000,0x00000000c0002000,0x00000000c5300000)
 Metaspace       used 9469K, capacity 9560K, committed 9856K, reserved 1058816K
  class space    used 1328K, capacity 1360K, committed 1408K, reserved 1048576K
Event: 1,702 GC heap after
Heap after GC invocations=2 (full 0):
 PSYoungGen      total 36864K, used 3875K [0x00000000eab00000, 0x00000000ed400000, 0x0000000100000000)
  eden space 31744K, 0% used [0x00000000eab00000,0x00000000eab00000,0x00000000eca00000)
  from space 5120K, 75% used [0x00000000ecf00000,0x00000000ed2c8fa0,0x00000000ed400000)
  to   space 5120K, 0% used [0x00000000eca00000,0x00000000eca00000,0x00000000ecf00000)
 ParOldGen       total 84992K, used 8K [0x00000000c0000000, 0x00000000c5300000, 0x00000000eab00000)
  object space 84992K, 0% used [0x00000000c0000000,0x00000000c0002000,0x00000000c5300000)
 Metaspace       used 9469K, capacity 9560K, committed 9856K, reserved 1058816K
  class space    used 1328K, capacity 1360K, committed 1408K, reserved 1048576K
}
Event: 2,438 GC heap before
{Heap before GC invocations=3 (full 0):
 PSYoungGen      total 36864K, used 35619K [0x00000000eab00000, 0x00000000ed400000, 0x0000000100000000)
  eden space 31744K, 100% used [0x00000000eab00000,0x00000000eca00000,0x00000000eca00000)
  from space 5120K, 75% used [0x00000000ecf00000,0x00000000ed2c8fa0,0x00000000ed400000)
  to   space 5120K, 0% used [0x00000000eca00000,0x00000000eca00000,0x00000000ecf00000)
 ParOldGen       total 84992K, used 8K [0x00000000c0000000, 0x00000000c5300000, 0x00000000eab00000)
  object space 84992K, 0% used [0x00000000c0000000,0x00000000c0002000,0x00000000c5300000)
 Metaspace       used 12098K, capacity 12184K, committed 12416K, reserved 1060864K
  class space    used 1769K, capacity 1808K, committed 1920K, reserved 1048576K
Event: 2,442 GC heap after
Heap after GC invocations=3 (full 0):
 PSYoungGen      total 36864K, used 4462K [0x00000000eab00000, 0x00000000ed400000, 0x0000000100000000)
  eden space 31744K, 0% used [0x00000000eab00000,0x00000000eab00000,0x00000000eca00000)
  from space 5120K, 87% used [0x00000000eca00000,0x00000000ece5b9d0,0x00000000ecf00000)
  to   space 5120K, 0% used [0x00000000ecf00000,0x00000000ecf00000,0x00000000ed400000)
 ParOldGen       total 84992K, used 16K [0x00000000c0000000, 0x00000000c5300000, 0x00000000eab00000)
  object space 84992K, 0% used [0x00000000c0000000,0x00000000c0004000,0x00000000c5300000)
 Metaspace       used 12098K, capacity 12184K, committed 12416K, reserved 1060864K
  class space    used 1769K, capacity 1808K, committed 1920K, reserved 1048576K
}
Event: 3,170 GC heap before
{Heap before GC invocations=4 (full 0):
 PSYoungGen      total 36864K, used 36206K [0x00000000eab00000, 0x00000000ed400000, 0x0000000100000000)
  eden space 31744K, 100% used [0x00000000eab00000,0x00000000eca00000,0x00000000eca00000)
  from space 5120K, 87% used [0x00000000eca00000,0x00000000ece5b9d0,0x00000000ecf00000)
  to   space 5120K, 0% used [0x00000000ecf00000,0x00000000ecf00000,0x00000000ed400000)
 ParOldGen       total 84992K, used 16K [0x00000000c0000000, 0x00000000c5300000, 0x00000000eab00000)
  object space 84992K, 0% used [0x00000000c0000000,0x00000000c0004000,0x00000000c5300000)
 Metaspace       used 15277K, capacity 15380K, committed 15616K, reserved 1062912K
  class space    used 2165K, capacity 2206K, committed 2304K, reserved 1048576K
Event: 3,178 GC heap after
Heap after GC invocations=4 (full 0):
 PSYoungGen      total 36864K, used 4738K [0x00000000eab00000, 0x00000000ed400000, 0x0000000100000000)
  eden space 31744K, 0% used [0x00000000eab00000,0x00000000eab00000,0x00000000eca00000)
  from space 5120K, 92% used [0x00000000ecf00000,0x00000000ed3a0938,0x00000000ed400000)
  to   space 5120K, 0% used [0x00000000eca00000,0x00000000eca00000,0x00000000ecf00000)
 ParOldGen       total 84992K, used 24K [0x00000000c0000000, 0x00000000c5300000, 0x00000000eab00000)
  object space 84992K, 0% used [0x00000000c0000000,0x00000000c0006000,0x00000000c5300000)
 Metaspace       used 15277K, capacity 15380K, committed 15616K, reserved 1062912K
  class space    used 2165K, capacity 2206K, committed 2304K, reserved 1048576K
}
Event: 3,606 GC heap before
{Heap before GC invocations=5 (full 0):
 PSYoungGen      total 36864K, used 36482K [0x00000000eab00000, 0x00000000ed400000, 0x0000000100000000)
  eden space 31744K, 100% used [0x00000000eab00000,0x00000000eca00000,0x00000000eca00000)
  from space 5120K, 92% used [0x00000000ecf00000,0x00000000ed3a0938,0x00000000ed400000)
  to   space 5120K, 0% used [0x00000000eca00000,0x00000000eca00000,0x00000000ecf00000)
 ParOldGen       total 84992K, used 24K [0x00000000c0000000, 0x00000000c5300000, 0x00000000eab00000)
  object space 84992K, 0% used [0x00000000c0000000,0x00000000c0006000,0x00000000c5300000)
 Metaspace       used 16702K, capacity 16836K, committed 17152K, reserved 1064960K
  class space    used 2361K, capacity 2438K, committed 2560K, reserved 1048576K
Event: 3,611 GC heap after
Heap after GC invocations=5 (full 0):
 PSYoungGen      total 36352K, used 4560K [0x00000000eab00000, 0x00000000ed480000, 0x0000000100000000)
  eden space 31232K, 0% used [0x00000000eab00000,0x00000000eab00000,0x00000000ec980000)
  from space 5120K, 89% used [0x00000000eca00000,0x00000000ece74010,0x00000000ecf00000)
  to   space 5632K, 0% used [0x00000000ecf00000,0x00000000ecf00000,0x00000000ed480000)
 ParOldGen       total 84992K, used 96K [0x00000000c0000000, 0x00000000c5300000, 0x00000000eab00000)
  object space 84992K, 0% used [0x00000000c0000000,0x00000000c0018010,0x00000000c5300000)
 Metaspace       used 16702K, capacity 16836K, committed 17152K, reserved 1064960K
  class space    used 2361K, capacity 2438K, committed 2560K, reserved 1048576K
}

