# JRE version: OpenJDK Runtime Environment (8.0_252-b09) (build 1.8.0_252-8u252-b09-1ubuntu1-b09)
# Java VM: OpenJDK 64-Bit Server VM (25.252-b09 mixed mode linux-amd64 compressed oops)
Heap:
 PSYoungGen      total 68608K, used 43977K [0x00000000eab00000, 0x00000000ef300000, 0x0000000100000000)
  eden space 63488K, 61% used [0x00000000eab00000,0x00000000ed168968,0x00000000ee900000)
  from space 5120K, 90% used [0x00000000eee00000,0x00000000ef289e68,0x00000000ef300000)
  to   space 5120K, 0% used [0x00000000ee900000,0x00000000ee900000,0x00000000eee00000)
 ParOldGen       total 84992K, used 104K [0x00000000c0000000, 0x00000000c5300000, 0x00000000eab00000)
  object space 84992K, 0% used [0x00000000c0000000,0x00000000c001a028,0x00000000c5300000)
 Metaspace       used 17473K, capacity 17648K, committed 17920K, reserved 1064960K
  class space    used 2472K, capacity 2534K, committed 2560K, reserved 1048576K
GC Heap History (8 events):
Event: 0,274 GC heap before
{Heap before GC invocations=1 (full 0):
 PSYoungGen      total 36864K, used 31744K [0x00000000eab00000, 0x00000000ed400000, 0x0000000100000000)
  eden space 31744K, 100% used [0x00000000eab00000,0x00000000eca00000,0x00000000eca00000)
  from space 5120K, 0% used [0x00000000ecf00000,0x00000000ecf00000,0x00000000ed400000)
  to   space 5120K, 0% used [0x00000000eca00000,0x00000000eca00000,0x00000000ecf00000)
 ParOldGen       total 84992K, used 0K [0x00000000c0000000, 0x00000000c5300000, 0x00000000eab00000)
  object space 84992K, 0% used [0x00000000c0000000,0x00000000c0000000,0x00000000c5300000)
 Metaspace       used 5533K, capacity 6796K, committed 7040K, reserved 1056768K
  class space    used 769K, capacity 840K, committed 896K, reserved 1048576K
Event: 0,277 GC heap after
Heap after GC invocations=1 (full 0):
 PSYoungGen      total 36864K, used 3580K [0x00000000eab00000, 0x00000000ed400000, 0x0000000100000000)
  eden space 31744K, 0% used [0x00000000eab00000,0x00000000eab00000,0x00000000eca00000)
  from space 5120K, 69% used [0x00000000eca00000,0x00000000ecd7f1a8,0x00000000ecf00000)
  to   space 5120K, 0% used [0x00000000ecf00000,0x00000000ecf00000,0x00000000ed400000)
 ParOldGen       total 84992K, used 8K [0x00000000c0000000, 0x00000000c5300000, 0x00000000eab00000)
  object space 84992K, 0% used [0x00000000c0000000,0x00000000c0002000,0x00000000c5300000)
 Metaspace       used 5533K, capacity 6796K, committed 7040K, reserved 1056768K
  class space    used 769K, capacity 840K, committed 896K, reserved 1048576K
}
Event: 0,450 GC heap before
{Heap before GC invocations=2 (full 0):
 PSYoungGen      total 36864K, used 35324K [0x00000000eab00000, 0x00000000ed400000, 0x0000000100000000)
  eden space 31744K, 100% used [0x00000000eab00000,0x00000000eca00000,0x00000000eca00000)
  from space 5120K, 69% used [0x00000000eca00000,0x00000000ecd7f1a8,0x00000000ecf00000)
  to   space 5120K, 0% used [0x00000000ecf00000,0x00000000ecf00000,0x00000000ed400000)
 ParOldGen       total 84992K, used 8K [0x00000000c0000000, 0x00000000c5300000, 0x00000000eab00000)
  object space 84992K, 0% used [0x00000000c0000000,0x00000000c0002000,0x00000000c5300000)
 Metaspace       used 9452K, capacity 9572K, committed 9856K, reserved 1058816K
  class space    used 1327K, capacity 1360K, committed 1408K, reserved 1048576K
Event: 0,455 GC heap after
Heap after GC invocations=2 (full 0):
 PSYoungGen      total 36864K, used 3907K [0x00000000eab00000, 0x00000000ef300000, 0x0000000100000000)
  eden space 31744K, 0% used [0x00000000eab00000,0x00000000eab00000,0x00000000eca00000)
  from space 5120K, 76% used [0x00000000ecf00000,0x00000000ed2d0fa0,0x00000000ed400000)
  to   space 5120K, 0% used [0x00000000eca00000,0x00000000eca00000,0x00000000ecf00000)
 ParOldGen       total 84992K, used 16K [0x00000000c0000000, 0x00000000c5300000, 0x00000000eab00000)
  object space 84992K, 0% used [0x00000000c0000000,0x00000000c0004000,0x00000000c5300000)
 Metaspace       used 9452K, capacity 9572K, committed 9856K, reserved 1058816K
  class space    used 1327K, capacity 1360K, committed 1408K, reserved 1048576K
}
Event: 0,653 GC heap before
{Heap before GC invocations=3 (full 0):
 PSYoungGen      total 36864K, used 35651K [0x00000000eab00000, 0x00000000ef300000, 0x0000000100000000)
  eden space 31744K, 100% used [0x00000000eab00000,0x00000000eca00000,0x00000000eca00000)
  from space 5120K, 76% used [0x00000000ecf00000,0x00000000ed2d0fa0,0x00000000ed400000)
  to   space 5120K, 0% used [0x00000000eca00000,0x00000000eca00000,0x00000000ecf00000)
 ParOldGen       total 84992K, used 16K [0x00000000c0000000, 0x00000000c5300000, 0x00000000eab00000)
  object space 84992K, 0% used [0x00000000c0000000,0x00000000c0004000,0x00000000c5300000)
 Metaspace       used 12097K, capacity 12196K, committed 12416K, reserved 1060864K
  class space    used 1769K, capacity 1808K, committed 1920K, reserved 1048576K
Event: 0,656 GC heap after
Heap after GC invocations=3 (full 0):
 PSYoungGen      total 36864K, used 4503K [0x00000000eab00000, 0x00000000ef300000, 0x0000000100000000)
  eden space 31744K, 0% used [0x00000000eab00000,0x00000000eab00000,0x00000000eca00000)
  from space 5120K, 87% used [0x00000000eca00000,0x00000000ece65ce0,0x00000000ecf00000)
  to   space 5120K, 0% used [0x00000000eee00000,0x00000000eee00000,0x00000000ef300000)
 ParOldGen       total 84992K, used 24K [0x00000000c0000000, 0x00000000c5300000, 0x00000000eab00000)
  object space 84992K, 0% used [0x00000000c0000000,0x00000000c0006000,0x00000000c5300000)
 Metaspace       used 12097K, capacity 12196K, committed 12416K, reserved 1060864K
  class space    used 1769K, capacity 1808K, committed 1920K, reserved 1048576K
}
Event: 0,885 GC heap before
{Heap before GC invocations=4 (full 0):
 PSYoungGen      total 36864K, used 36247K [0x00000000eab00000, 0x00000000ef300000, 0x0000000100000000)
  eden space 31744K, 100% used [0x00000000eab00000,0x00000000eca00000,0x00000000eca00000)
  from space 5120K, 87% used [0x00000000eca00000,0x00000000ece65ce0,0x00000000ecf00000)
  to   space 5120K, 0% used [0x00000000eee00000,0x00000000eee00000,0x00000000ef300000)
 ParOldGen       total 84992K, used 24K [0x00000000c0000000, 0x00000000c5300000, 0x00000000eab00000)
  object space 84992K, 0% used [0x00000000c0000000,0x00000000c0006000,0x00000000c5300000)
 Metaspace       used 15284K, capacity 15392K, committed 15616K, reserved 1062912K
  class space    used 2165K, capacity 2206K, committed 2304K, reserved 1048576K
Event: 0,891 GC heap after
Heap after GC invocations=4 (full 0):
 PSYoungGen      total 68608K, used 4647K [0x00000000eab00000, 0x00000000ef300000, 0x0000000100000000)
  eden space 63488K, 0% used [0x00000000eab00000,0x00000000eab00000,0x00000000ee900000)
  from space 5120K, 90% used [0x00000000eee00000,0x00000000ef289e68,0x00000000ef300000)
  to   space 5120K, 0% used [0x00000000ee900000,0x00000000ee900000,0x00000000eee00000)
 ParOldGen       total 84992K, used 104K [0x00000000c0000000, 0x00000000c5300000, 0x00000000eab00000)
  object space 84992K, 0% used [0x00000000c0000000,0x00000000c001a028,0x00000000c5300000)
 Metaspace       used 15284K, capacity 15392K, committed 15616K, reserved 1062912K
  class space    used 2165K, capacity 2206K, committed 2304K, reserved 1048576K
}

